Arguments: 
  C:\Program Files\nodejs\node.exe C:\Users\nick_\AppData\Roaming\npm\node_modules\yarn\bin\yarn.js install

PATH: 
  C:\ProgramData\Oracle\Java\javapath;C:\Program Files (x86)\Intel\iCLS Client\;C:\Program Files\Intel\iCLS Client\;C:\Windows\system32;C:\Windows;C:\Windows\System32\Wbem;C:\Windows\System32\WindowsPowerShell\v1.0\;C:\Program Files (x86)\NVIDIA Corporation\PhysX\Common;C:\Program Files (x86)\Intel\Intel(R) Management Engine Components\DAL;C:\Program Files\Intel\Intel(R) Management Engine Components\DAL;C:\Program Files (x86)\Intel\Intel(R) Management Engine Components\IPT;C:\Program Files\Intel\Intel(R) Management Engine Components\IPT;C:\WINDOWS\system32;C:\WINDOWS;C:\WINDOWS\System32\Wbem;C:\WINDOWS\System32\WindowsPowerShell\v1.0\;C:\Program Files\Git\cmd;C:\Program Files (x86)\GtkSharp\2.12\bin;C:\Program Files\nodejs\;C:\Users\nick_\AppData\Local\Microsoft\WindowsApps;C:\Users\nick_\AppData\Local\Android\sdk\platform-tools;C:\Program Files\Java\jdk1.8.0_131\bin;C:\Users\nick_\AppData\Local\openssl-0.9.8k_X64\bin;C:\Users\nick_\AppData\Local\Programs\Python\Python36;C:\Users\nick_\AppData\Roaming\npm;C:\Program Files\Microsoft VS Code\bin;C:\Users\nick_\AppData\Local\GitHubDesktop\bin

Yarn version: 
  1.5.1

Node version: 
  8.9.4

Platform: 
  win32 x64

npm manifest: 
  {
    "name": "multiboom",
    "version": "1.0.0",
    "description": "",
    "main": "index.js",
    "engines": {
      "node": "6.9.4",
      "npm": "3.10.10"
    },
    "scripts": {
      "test": "echo \"Error: no test specified\" && exit 1",
      "start": "npm run build && node bin/dev",
      "clean": "rmdir /s /q dist",
      "build": "npm run clean && mkdir dist && babel src -s -d dist",
      "production": "npm run build && node bin/production"
    },
    "author": "Nick Clarity",
    "license": "MIT",
    "dependencies": {
      "express": "4.16.3",
      "socket.io": "2.1.0"
    },
    "devDependencies": {
      "babel-cli": "^6.24.1",
      "babel-preset-env": "^1.5.1",
      "babel-preset-es2015": "^6.24.1",
      "babel-preset-stage-2": "^6.24.1",
      "babel-register": "^6.24.1"
    }
  }

yarn manifest: 
  No manifest

Lockfile: 
  No lockfile

Trace: 
  Error: Found incompatible module
      at new MessageError (C:\Users\nick_\AppData\Roaming\npm\node_modules\yarn\lib\cli.js:186:110)
      at Object.checkOne (C:\Users\nick_\AppData\Roaming\npm\node_modules\yarn\lib\cli.js:62444:11)
      at C:\Users\nick_\AppData\Roaming\npm\node_modules\yarn\lib\cli.js:22773:75
      at Generator.next (<anonymous>)
      at step (C:\Users\nick_\AppData\Roaming\npm\node_modules\yarn\lib\cli.js:98:30)
      at C:\Users\nick_\AppData\Roaming\npm\node_modules\yarn\lib\cli.js:116:14
      at new Promise (<anonymous>)
      at new F (C:\Users\nick_\AppData\Roaming\npm\node_modules\yarn\lib\cli.js:23451:28)
      at C:\Users\nick_\AppData\Roaming\npm\node_modules\yarn\lib\cli.js:95:12
      at C:\Users\nick_\AppData\Roaming\npm\node_modules\yarn\lib\cli.js:22777:27
